<span class="stinp">. <span class="stcmt">/*將Stata code輸入在這裡, ex:*/</span></span>
<span class="stinp">. cd "D:/Documents/Stata/Stata/data"</span>
<span class="stres">D:\Documents\Stata\Stata\data</span>

<span class="stinp">. use us_birth_rate, clear</span>

<span class="stinp">. list in 1/8</span>

     +---------------------+
     | <span class="stres">      state   birth </span>|
     |---------------------|
  1. | <span class="stres">    Alabama      14 </span>|
  2. | <span class="stres">     Alaska    16.2 </span>|
  3. | <span class="stres">    Arizona    16.2 </span>|
  4. | <span class="stres">   Arkansas    14.6 </span>|
  5. | <span class="stres"> California    15.5 </span>|
     |---------------------|
  6. | <span class="stres">   Colorado    14.6 </span>|
  7. | <span class="stres">Connecticut    11.9 </span>|
  8. | <span class="stres">   Delaware    14.1 </span>|
     +---------------------+

<span class="stinp">. cd "D:/Documents/Git/stata/other/02"</span>
<span class="stres">D:\Documents\Git\stata\other\02</span>
